<?xml version="1.0" encoding="UTF-8"?>
<testng-results skipped="0" failed="2" total="4" passed="2">
  <reporter-output>
  </reporter-output>
  <suite name="Suite" duration-ms="40569" started-at="2020-10-27T15:09:58Z" finished-at="2020-10-27T15:10:38Z">
    <groups>
    </groups>
    <test name="Validating Footer Links" duration-ms="24176" started-at="2020-10-27T15:09:58Z" finished-at="2020-10-27T15:10:22Z">
      <class name="FrameWorkSample.EndToEndTest.FooterLinks">
        <test-method status="PASS" signature="initialize()[pri:0, instance:FrameWorkSample.EndToEndTest.FooterLinks@ea6147e]" name="initialize" is-config="true" duration-ms="20368" started-at="2020-10-27T23:09:58Z" finished-at="2020-10-27T23:10:18Z">
          <reporter-output>
          </reporter-output>
        </test-method> <!-- initialize -->
        <test-method status="FAIL" signature="footerTest()[pri:0, instance:FrameWorkSample.EndToEndTest.FooterLinks@ea6147e]" name="footerTest" duration-ms="231" started-at="2020-10-27T23:10:18Z" finished-at="2020-10-27T23:10:18Z">
          <exception class="junit.framework.AssertionFailedError">
            <message>
              <![CDATA[expected:<13> but was:<14>]]>
            </message>
            <full-stacktrace>
              <![CDATA[junit.framework.AssertionFailedError: expected:<13> but was:<14>
	at junit.framework.Assert.fail(Assert.java:47)
	at junit.framework.Assert.failNotEquals(Assert.java:282)
	at junit.framework.Assert.assertEquals(Assert.java:64)
	at junit.framework.Assert.assertEquals(Assert.java:201)
	at junit.framework.Assert.assertEquals(Assert.java:207)
	at FrameWorkSample.EndToEndTest.FooterLinks.footerTest(FooterLinks.java:35)
	at sun.reflect.NativeMethodAccessorImpl.invoke0(Native Method)
	at sun.reflect.NativeMethodAccessorImpl.invoke(NativeMethodAccessorImpl.java:62)
	at sun.reflect.DelegatingMethodAccessorImpl.invoke(DelegatingMethodAccessorImpl.java:43)
	at java.lang.reflect.Method.invoke(Method.java:498)
	at org.testng.internal.MethodInvocationHelper.invokeMethod(MethodInvocationHelper.java:86)
	at org.testng.internal.Invoker.invokeMethod(Invoker.java:643)
	at org.testng.internal.Invoker.invokeTestMethod(Invoker.java:820)
	at org.testng.internal.Invoker.invokeTestMethods(Invoker.java:1128)
	at org.testng.internal.TestMethodWorker.invokeTestMethods(TestMethodWorker.java:129)
	at org.testng.internal.TestMethodWorker.run(TestMethodWorker.java:112)
	at org.testng.TestRunner.privateRun(TestRunner.java:782)
	at org.testng.TestRunner.run(TestRunner.java:632)
	at org.testng.SuiteRunner.runTest(SuiteRunner.java:366)
	at org.testng.SuiteRunner.access$000(SuiteRunner.java:39)
	at org.testng.SuiteRunner$SuiteWorker.run(SuiteRunner.java:400)
	at org.testng.internal.thread.ThreadUtil$2.call(ThreadUtil.java:64)
	at java.util.concurrent.FutureTask.run(FutureTask.java:266)
	at java.util.concurrent.ThreadPoolExecutor.runWorker(ThreadPoolExecutor.java:1149)
	at java.util.concurrent.ThreadPoolExecutor$Worker.run(ThreadPoolExecutor.java:624)
	at java.lang.Thread.run(Thread.java:748)
]]>
            </full-stacktrace>
          </exception> <!-- junit.framework.AssertionFailedError -->
          <reporter-output>
          </reporter-output>
        </test-method> <!-- footerTest -->
        <test-method status="PASS" signature="closeBrowser()[pri:0, instance:FrameWorkSample.EndToEndTest.FooterLinks@ea6147e]" name="closeBrowser" is-config="true" duration-ms="2754" started-at="2020-10-27T23:10:19Z" finished-at="2020-10-27T23:10:22Z">
          <reporter-output>
          </reporter-output>
        </test-method> <!-- closeBrowser -->
      </class> <!-- FrameWorkSample.EndToEndTest.FooterLinks -->
    </test> <!-- Validating Footer Links -->
    <test name="Validating Login Page" duration-ms="26669" started-at="2020-10-27T15:09:58Z" finished-at="2020-10-27T15:10:24Z">
      <class name="FrameWorkSample.EndToEndTest.LogIn">
        <test-method status="PASS" signature="initialize()[pri:0, instance:FrameWorkSample.EndToEndTest.LogIn@fa49800]" name="initialize" is-config="true" duration-ms="20408" started-at="2020-10-27T23:09:58Z" finished-at="2020-10-27T23:10:18Z">
          <reporter-output>
          </reporter-output>
        </test-method> <!-- initialize -->
        <test-method status="PASS" signature="loginTest()[pri:0, instance:FrameWorkSample.EndToEndTest.LogIn@fa49800]" name="loginTest" duration-ms="3866" started-at="2020-10-27T23:10:18Z" finished-at="2020-10-27T23:10:22Z">
          <reporter-output>
          </reporter-output>
        </test-method> <!-- loginTest -->
        <test-method status="PASS" signature="closeBrowser()[pri:0, instance:FrameWorkSample.EndToEndTest.LogIn@fa49800]" name="closeBrowser" is-config="true" duration-ms="2393" started-at="2020-10-27T23:10:22Z" finished-at="2020-10-27T23:10:24Z">
          <reporter-output>
          </reporter-output>
        </test-method> <!-- closeBrowser -->
      </class> <!-- FrameWorkSample.EndToEndTest.LogIn -->
    </test> <!-- Validating Login Page -->
    <test name="Validating Home Page Ordering" duration-ms="40569" started-at="2020-10-27T15:09:58Z" finished-at="2020-10-27T15:10:38Z">
      <class name="FrameWorkSample.EndToEndTest.HomePage">
        <test-method status="PASS" signature="initialize()[pri:0, instance:FrameWorkSample.EndToEndTest.HomePage@6d4e5011]" name="initialize" is-config="true" duration-ms="20368" started-at="2020-10-27T23:09:58Z" finished-at="2020-10-27T23:10:18Z">
          <reporter-output>
          </reporter-output>
        </test-method> <!-- initialize -->
        <test-method status="PASS" signature="homePage()[pri:0, instance:FrameWorkSample.EndToEndTest.HomePage@6d4e5011]" name="homePage" duration-ms="9245" started-at="2020-10-27T23:10:18Z" finished-at="2020-10-27T23:10:27Z">
          <reporter-output>
          </reporter-output>
        </test-method> <!-- homePage -->
        <test-method status="FAIL" signature="restoPage()[pri:0, instance:FrameWorkSample.EndToEndTest.HomePage@6d4e5011]" name="restoPage" duration-ms="7987" started-at="2020-10-27T23:10:27Z" finished-at="2020-10-27T23:10:35Z">
          <exception class="java.lang.AssertionError">
            <message>
              <![CDATA[expected [Jollibee - Philfirst] but found [Jollibee - TEST MENU 2]]]>
            </message>
            <full-stacktrace>
              <![CDATA[java.lang.AssertionError: expected [Jollibee - Philfirst] but found [Jollibee - TEST MENU 2]
	at org.testng.Assert.fail(Assert.java:94)
	at org.testng.Assert.failNotEquals(Assert.java:513)
	at org.testng.Assert.assertEqualsImpl(Assert.java:135)
	at org.testng.Assert.assertEquals(Assert.java:116)
	at org.testng.Assert.assertEquals(Assert.java:190)
	at org.testng.Assert.assertEquals(Assert.java:200)
	at FrameWorkSample.EndToEndTest.HomePage.restoPage(HomePage.java:91)
	at sun.reflect.NativeMethodAccessorImpl.invoke0(Native Method)
	at sun.reflect.NativeMethodAccessorImpl.invoke(NativeMethodAccessorImpl.java:62)
	at sun.reflect.DelegatingMethodAccessorImpl.invoke(DelegatingMethodAccessorImpl.java:43)
	at java.lang.reflect.Method.invoke(Method.java:498)
	at org.testng.internal.MethodInvocationHelper.invokeMethod(MethodInvocationHelper.java:86)
	at org.testng.internal.Invoker.invokeMethod(Invoker.java:643)
	at org.testng.internal.Invoker.invokeTestMethod(Invoker.java:820)
	at org.testng.internal.Invoker.invokeTestMethods(Invoker.java:1128)
	at org.testng.internal.TestMethodWorker.invokeTestMethods(TestMethodWorker.java:129)
	at org.testng.internal.TestMethodWorker.run(TestMethodWorker.java:112)
	at org.testng.TestRunner.privateRun(TestRunner.java:782)
	at org.testng.TestRunner.run(TestRunner.java:632)
	at org.testng.SuiteRunner.runTest(SuiteRunner.java:366)
	at org.testng.SuiteRunner.access$000(SuiteRunner.java:39)
	at org.testng.SuiteRunner$SuiteWorker.run(SuiteRunner.java:400)
	at org.testng.internal.thread.ThreadUtil$2.call(ThreadUtil.java:64)
	at java.util.concurrent.FutureTask.run(FutureTask.java:266)
	at java.util.concurrent.ThreadPoolExecutor.runWorker(ThreadPoolExecutor.java:1149)
	at java.util.concurrent.ThreadPoolExecutor$Worker.run(ThreadPoolExecutor.java:624)
	at java.lang.Thread.run(Thread.java:748)
]]>
            </full-stacktrace>
          </exception> <!-- java.lang.AssertionError -->
          <reporter-output>
          </reporter-output>
        </test-method> <!-- restoPage -->
        <test-method status="PASS" signature="closeBrowser()[pri:0, instance:FrameWorkSample.EndToEndTest.HomePage@6d4e5011]" name="closeBrowser" is-config="true" duration-ms="2322" started-at="2020-10-27T23:10:36Z" finished-at="2020-10-27T23:10:38Z">
          <reporter-output>
          </reporter-output>
        </test-method> <!-- closeBrowser -->
      </class> <!-- FrameWorkSample.EndToEndTest.HomePage -->
    </test> <!-- Validating Home Page Ordering -->
  </suite> <!-- Suite -->
</testng-results>
