<?xml version="1.0" encoding="UTF-8"?>
<testng-results skipped="0" failed="2" total="4" passed="2">
  <reporter-output>
  </reporter-output>
  <suite name="Suite" duration-ms="28772" started-at="2020-10-27T15:07:42Z" finished-at="2020-10-27T15:08:11Z">
    <groups>
    </groups>
    <test name="Validating Footer Links" duration-ms="13842" started-at="2020-10-27T15:07:42Z" finished-at="2020-10-27T15:07:56Z">
      <class name="FrameWorkSample.EndToEndTest.FooterLinks">
        <test-method status="PASS" signature="initialize()[pri:0, instance:FrameWorkSample.EndToEndTest.FooterLinks@74751b3]" name="initialize" is-config="true" duration-ms="10449" started-at="2020-10-27T23:07:42Z" finished-at="2020-10-27T23:07:53Z">
          <reporter-output>
          </reporter-output>
        </test-method> <!-- initialize -->
        <test-method status="FAIL" signature="footerTest()[pri:0, instance:FrameWorkSample.EndToEndTest.FooterLinks@74751b3]" name="footerTest" duration-ms="178" started-at="2020-10-27T23:07:53Z" finished-at="2020-10-27T23:07:53Z">
          <exception class="junit.framework.AssertionFailedError">
            <message>
              <![CDATA[expected:<13> but was:<14>]]>
            </message>
            <full-stacktrace>
              <![CDATA[junit.framework.AssertionFailedError: expected:<13> but was:<14>
	at junit.framework.Assert.fail(Assert.java:47)
	at junit.framework.Assert.failNotEquals(Assert.java:282)
	at junit.framework.Assert.assertEquals(Assert.java:64)
	at junit.framework.Assert.assertEquals(Assert.java:201)
	at junit.framework.Assert.assertEquals(Assert.java:207)
	at FrameWorkSample.EndToEndTest.FooterLinks.footerTest(FooterLinks.java:35)
	at sun.reflect.NativeMethodAccessorImpl.invoke0(Native Method)
	at sun.reflect.NativeMethodAccessorImpl.invoke(NativeMethodAccessorImpl.java:62)
	at sun.reflect.DelegatingMethodAccessorImpl.invoke(DelegatingMethodAccessorImpl.java:43)
	at java.lang.reflect.Method.invoke(Method.java:498)
	at org.testng.internal.MethodInvocationHelper.invokeMethod(MethodInvocationHelper.java:86)
	at org.testng.internal.Invoker.invokeMethod(Invoker.java:643)
	at org.testng.internal.Invoker.invokeTestMethod(Invoker.java:820)
	at org.testng.internal.Invoker.invokeTestMethods(Invoker.java:1128)
	at org.testng.internal.TestMethodWorker.invokeTestMethods(TestMethodWorker.java:129)
	at org.testng.internal.TestMethodWorker.run(TestMethodWorker.java:112)
	at org.testng.TestRunner.privateRun(TestRunner.java:782)
	at org.testng.TestRunner.run(TestRunner.java:632)
	at org.testng.SuiteRunner.runTest(SuiteRunner.java:366)
	at org.testng.SuiteRunner.access$000(SuiteRunner.java:39)
	at org.testng.SuiteRunner$SuiteWorker.run(SuiteRunner.java:400)
	at org.testng.internal.thread.ThreadUtil$2.call(ThreadUtil.java:64)
	at java.util.concurrent.FutureTask.run(FutureTask.java:266)
	at java.util.concurrent.ThreadPoolExecutor.runWorker(ThreadPoolExecutor.java:1149)
	at java.util.concurrent.ThreadPoolExecutor$Worker.run(ThreadPoolExecutor.java:624)
	at java.lang.Thread.run(Thread.java:748)
]]>
            </full-stacktrace>
          </exception> <!-- junit.framework.AssertionFailedError -->
          <reporter-output>
          </reporter-output>
        </test-method> <!-- footerTest -->
        <test-method status="PASS" signature="closeBrowser()[pri:0, instance:FrameWorkSample.EndToEndTest.FooterLinks@74751b3]" name="closeBrowser" is-config="true" duration-ms="2273" started-at="2020-10-27T23:07:54Z" finished-at="2020-10-27T23:07:56Z">
          <reporter-output>
          </reporter-output>
        </test-method> <!-- closeBrowser -->
      </class> <!-- FrameWorkSample.EndToEndTest.FooterLinks -->
    </test> <!-- Validating Footer Links -->
    <test name="Validating Login Page" duration-ms="16959" started-at="2020-10-27T15:07:42Z" finished-at="2020-10-27T15:07:59Z">
      <class name="FrameWorkSample.EndToEndTest.LogIn">
        <test-method status="PASS" signature="initialize()[pri:0, instance:FrameWorkSample.EndToEndTest.LogIn@316bcf94]" name="initialize" is-config="true" duration-ms="10410" started-at="2020-10-27T23:07:42Z" finished-at="2020-10-27T23:07:53Z">
          <reporter-output>
          </reporter-output>
        </test-method> <!-- initialize -->
        <test-method status="PASS" signature="loginTest()[pri:0, instance:FrameWorkSample.EndToEndTest.LogIn@316bcf94]" name="loginTest" duration-ms="3912" started-at="2020-10-27T23:07:53Z" finished-at="2020-10-27T23:07:56Z">
          <reporter-output>
          </reporter-output>
        </test-method> <!-- loginTest -->
        <test-method status="PASS" signature="closeBrowser()[pri:0, instance:FrameWorkSample.EndToEndTest.LogIn@316bcf94]" name="closeBrowser" is-config="true" duration-ms="2616" started-at="2020-10-27T23:07:56Z" finished-at="2020-10-27T23:07:59Z">
          <reporter-output>
          </reporter-output>
        </test-method> <!-- closeBrowser -->
      </class> <!-- FrameWorkSample.EndToEndTest.LogIn -->
    </test> <!-- Validating Login Page -->
    <test name="Validating Home Page Ordering" duration-ms="28772" started-at="2020-10-27T15:07:42Z" finished-at="2020-10-27T15:08:11Z">
      <class name="FrameWorkSample.EndToEndTest.HomePage">
        <test-method status="PASS" signature="initialize()[pri:0, instance:FrameWorkSample.EndToEndTest.HomePage@3a44431a]" name="initialize" is-config="true" duration-ms="10512" started-at="2020-10-27T23:07:42Z" finished-at="2020-10-27T23:07:53Z">
          <reporter-output>
          </reporter-output>
        </test-method> <!-- initialize -->
        <test-method status="PASS" signature="homePage()[pri:0, instance:FrameWorkSample.EndToEndTest.HomePage@3a44431a]" name="homePage" duration-ms="7872" started-at="2020-10-27T23:07:53Z" finished-at="2020-10-27T23:08:00Z">
          <reporter-output>
          </reporter-output>
        </test-method> <!-- homePage -->
        <test-method status="FAIL" signature="restoPage()[pri:0, instance:FrameWorkSample.EndToEndTest.HomePage@3a44431a]" name="restoPage" duration-ms="7520" started-at="2020-10-27T23:08:00Z" finished-at="2020-10-27T23:08:08Z">
          <exception class="java.lang.AssertionError">
            <message>
              <![CDATA[expected [Jollibee - Philfirst] but found [Jollibee - Makati Avenue]]]>
            </message>
            <full-stacktrace>
              <![CDATA[java.lang.AssertionError: expected [Jollibee - Philfirst] but found [Jollibee - Makati Avenue]
	at org.testng.Assert.fail(Assert.java:94)
	at org.testng.Assert.failNotEquals(Assert.java:513)
	at org.testng.Assert.assertEqualsImpl(Assert.java:135)
	at org.testng.Assert.assertEquals(Assert.java:116)
	at org.testng.Assert.assertEquals(Assert.java:190)
	at org.testng.Assert.assertEquals(Assert.java:200)
	at FrameWorkSample.EndToEndTest.HomePage.restoPage(HomePage.java:91)
	at sun.reflect.NativeMethodAccessorImpl.invoke0(Native Method)
	at sun.reflect.NativeMethodAccessorImpl.invoke(NativeMethodAccessorImpl.java:62)
	at sun.reflect.DelegatingMethodAccessorImpl.invoke(DelegatingMethodAccessorImpl.java:43)
	at java.lang.reflect.Method.invoke(Method.java:498)
	at org.testng.internal.MethodInvocationHelper.invokeMethod(MethodInvocationHelper.java:86)
	at org.testng.internal.Invoker.invokeMethod(Invoker.java:643)
	at org.testng.internal.Invoker.invokeTestMethod(Invoker.java:820)
	at org.testng.internal.Invoker.invokeTestMethods(Invoker.java:1128)
	at org.testng.internal.TestMethodWorker.invokeTestMethods(TestMethodWorker.java:129)
	at org.testng.internal.TestMethodWorker.run(TestMethodWorker.java:112)
	at org.testng.TestRunner.privateRun(TestRunner.java:782)
	at org.testng.TestRunner.run(TestRunner.java:632)
	at org.testng.SuiteRunner.runTest(SuiteRunner.java:366)
	at org.testng.SuiteRunner.access$000(SuiteRunner.java:39)
	at org.testng.SuiteRunner$SuiteWorker.run(SuiteRunner.java:400)
	at org.testng.internal.thread.ThreadUtil$2.call(ThreadUtil.java:64)
	at java.util.concurrent.FutureTask.run(FutureTask.java:266)
	at java.util.concurrent.ThreadPoolExecutor.runWorker(ThreadPoolExecutor.java:1149)
	at java.util.concurrent.ThreadPoolExecutor$Worker.run(ThreadPoolExecutor.java:624)
	at java.lang.Thread.run(Thread.java:748)
]]>
            </full-stacktrace>
          </exception> <!-- java.lang.AssertionError -->
          <reporter-output>
          </reporter-output>
        </test-method> <!-- restoPage -->
        <test-method status="PASS" signature="closeBrowser()[pri:0, instance:FrameWorkSample.EndToEndTest.HomePage@3a44431a]" name="closeBrowser" is-config="true" duration-ms="2314" started-at="2020-10-27T23:08:09Z" finished-at="2020-10-27T23:08:11Z">
          <reporter-output>
          </reporter-output>
        </test-method> <!-- closeBrowser -->
      </class> <!-- FrameWorkSample.EndToEndTest.HomePage -->
    </test> <!-- Validating Home Page Ordering -->
  </suite> <!-- Suite -->
</testng-results>
